=== gradle-fixer start 2026-04-28 18:43:15-0500 ===
=== Cycle 1 2026-04-28 18:43:15-0500 ===
Running ./gradlew test (cycle 1)
To honour the JVM settings for this build a single-use Daemon process will be forked. For more on this, please refer to https://docs.gradle.org/9.5.0/userguide/gradle_daemon.html#sec:disabling_the_daemon in the Gradle documentation.
Daemon will be stopped at the end of the build 

> Configure project :libs:dreamer-kmm
w: ⚠️ JS Environment Not Selected
Please choose a JavaScript environment to build distributions and run tests.
Not choosing any of them will be an error in the future releases.
kotlin {
    js {
        // To build distributions for and run tests use one or several of:
        browser()
        nodejs()
    }
}
Solution: Please choose a JavaScript environment to build distributions and run tests.


> Task :libs:concurrency:checkKotlinGradlePluginConfigurationErrors SKIPPED
> Task :libs:integration-scratch:checkKotlinGradlePluginConfigurationErrors SKIPPED
> Task :libs:dreamer-test-runner:checkKotlinGradlePluginConfigurationErrors SKIPPED
> Task :libs:cmc-generated:checkKotlinGradlePluginConfigurationErrors SKIPPED
> Task :libs:cmc-generated:processResources NO-SOURCE
> Task :kmpPartiallyResolvedDependenciesChecker
> Task :libs:kursive:kmpPartiallyResolvedDependenciesChecker
> Task :libs:tiny-btrfs:kmpPartiallyResolvedDependenciesChecker
> Task :libs:concurrency:processResources NO-SOURCE
> Task :libs:dreamer-test-runner:processResources NO-SOURCE
> Task :libs:couch:kmpPartiallyResolvedDependenciesChecker
> Task :libs:miniduck:kmpPartiallyResolvedDependenciesChecker
> Task :libs:dreamer-kmm:kmpPartiallyResolvedDependenciesChecker
> Task :libs:integration-scratch:processResources NO-SOURCE
> Task :libs:tiny-btrfs:checkKotlinGradlePluginConfigurationErrors SKIPPED
> Task :libs:kursive:checkKotlinGradlePluginConfigurationErrors SKIPPED
> Task :checkKotlinGradlePluginConfigurationErrors SKIPPED
> Task :libs:dreamer-kmm:checkKotlinGradlePluginConfigurationErrors SKIPPED
> Task :libs:miniduck:checkKotlinGradlePluginConfigurationErrors SKIPPED
> Task :libs:couch:checkKotlinGradlePluginConfigurationErrors SKIPPED
> Task :libs:concurrency:processTestResources NO-SOURCE
> Task :libs:dreamer-test-runner:processTestResources NO-SOURCE
> Task :libs:cmc-generated:processTestResources NO-SOURCE
> Task :libs:integration-scratch:processTestResources NO-SOURCE
> Task :libs:kursive:jvmProcessResources NO-SOURCE
> Task :libs:couch:jvmProcessResources NO-SOURCE
> Task :libs:couch:processJvmMainResources SKIPPED
> Task :libs:kursive:processJvmMainResources SKIPPED
> Task :libs:miniduck:jvmProcessResources NO-SOURCE
> Task :libs:dreamer-kmm:jvmProcessResources NO-SOURCE
> Task :libs:miniduck:processJvmMainResources SKIPPED
> Task :libs:dreamer-kmm:processJvmMainResources SKIPPED
> Task :jvmProcessResources UP-TO-DATE
> Task :processJvmMainResources SKIPPED
> Task :libs:tiny-btrfs:compileKotlinJvm UP-TO-DATE
> Task :libs:tiny-btrfs:compileJvmMainJava NO-SOURCE
> Task :libs:tiny-btrfs:jvmProcessResources NO-SOURCE
> Task :libs:tiny-btrfs:processJvmMainResources SKIPPED
> Task :libs:tiny-btrfs:jvmMainClasses UP-TO-DATE
> Task :libs:tiny-btrfs:jvmJar UP-TO-DATE
> Task :compileKotlinJvm UP-TO-DATE
> Task :compileJvmMainJava UP-TO-DATE
> Task :jvmMainClasses UP-TO-DATE
> Task :jvmJar UP-TO-DATE
> Task :libs:concurrency:compileKotlin NO-SOURCE
> Task :libs:concurrency:compileJava NO-SOURCE
> Task :libs:concurrency:classes UP-TO-DATE
> Task :libs:concurrency:jar
> Task :libs:concurrency:compileTestKotlin NO-SOURCE
> Task :libs:cmc-generated:compileKotlin FROM-CACHE
> Task :libs:concurrency:compileTestJava NO-SOURCE
> Task :libs:concurrency:testClasses UP-TO-DATE
> Task :libs:cmc-generated:compileJava NO-SOURCE
> Task :libs:cmc-generated:classes UP-TO-DATE
> Task :libs:concurrency:test NO-SOURCE
> Task :libs:kursive:compileKotlinJvm FROM-CACHE
> Task :libs:kursive:compileJvmMainJava NO-SOURCE
> Task :libs:kursive:jvmMainClasses UP-TO-DATE
> Task :libs:cmc-generated:jar
> Task :libs:cmc-generated:compileTestKotlin NO-SOURCE
> Task :libs:cmc-generated:compileTestJava NO-SOURCE
> Task :libs:cmc-generated:testClasses UP-TO-DATE
> Task :libs:kursive:jvmJar
> Task :libs:cmc-generated:test NO-SOURCE

> Task :libs:miniduck:compileKotlinJvm FAILED
e: file:///Users/jim/work/TrikeShed/libs/miniduck/src/commonMain/kotlin/borg/trikeshed/miniduck/HarnessStochasticCache.kt:41:13 Unresolved reference 'size'.

[Incubating] Problems report is available at: file:///Users/jim/work/TrikeShed/build/reports/problems/problems-report.html

FAILURE: Build failed with an exception.

* What went wrong:
Execution failed for task ':libs:miniduck:compileKotlinJvm' (registered in build file 'libs/miniduck/build.gradle.kts').
> A failure occurred while executing org.jetbrains.kotlin.compilerRunner.btapi.BuildToolsApiCompilationWork
   > Compilation error. See log for more details

* Try:
> Run with --stacktrace option to get the stack trace.
> Run with --info or --debug option to get more log output.
> Run with --scan to get full insights from a Build Scan (powered by Develocity).
> Get more help at https://help.gradle.org.

BUILD FAILED in 8s
18 actionable tasks: 10 executed, 2 from cache, 6 up-to-date
BUILD FAILURE
No XML failure entries found; dumped console output above.
Stopping monitor for human review
Initial build succeeded at 2026-04-28 18:43:30-0500
=== gradle-fixer start 2026-04-28 18:44:48-0500 ===
=== Cycle 1 2026-04-28 18:44:48-0500 ===
Running ./gradlew test (cycle 1)
To honour the JVM settings for this build a single-use Daemon process will be forked. For more on this, please refer to https://docs.gradle.org/9.5.0/userguide/gradle_daemon.html#sec:disabling_the_daemon in the Gradle documentation.
Daemon will be stopped at the end of the build 

> Configure project :libs:dreamer-kmm
w: ⚠️ JS Environment Not Selected
Please choose a JavaScript environment to build distributions and run tests.
Not choosing any of them will be an error in the future releases.
kotlin {
    js {
        // To build distributions for and run tests use one or several of:
        browser()
        nodejs()
    }
}
Solution: Please choose a JavaScript environment to build distributions and run tests.


> Task :libs:integration-scratch:checkKotlinGradlePluginConfigurationErrors SKIPPED
> Task :libs:dreamer-test-runner:checkKotlinGradlePluginConfigurationErrors SKIPPED
> Task :libs:cmc-generated:checkKotlinGradlePluginConfigurationErrors SKIPPED
> Task :libs:concurrency:checkKotlinGradlePluginConfigurationErrors SKIPPED
> Task :libs:kursive:kmpPartiallyResolvedDependenciesChecker
> Task :libs:tiny-btrfs:kmpPartiallyResolvedDependenciesChecker
> Task :libs:couch:kmpPartiallyResolvedDependenciesChecker
> Task :libs:dreamer-kmm:kmpPartiallyResolvedDependenciesChecker
> Task :kmpPartiallyResolvedDependenciesChecker
> Task :libs:dreamer-kmm:checkKotlinGradlePluginConfigurationErrors SKIPPED
> Task :libs:kursive:checkKotlinGradlePluginConfigurationErrors SKIPPED
> Task :libs:couch:checkKotlinGradlePluginConfigurationErrors SKIPPED
> Task :libs:tiny-btrfs:checkKotlinGradlePluginConfigurationErrors SKIPPED
> Task :checkKotlinGradlePluginConfigurationErrors SKIPPED
> Task :libs:miniduck:kmpPartiallyResolvedDependenciesChecker
> Task :libs:miniduck:checkKotlinGradlePluginConfigurationErrors SKIPPED
> Task :libs:dreamer-kmm:jvmProcessResources NO-SOURCE
> Task :libs:miniduck:jvmProcessResources NO-SOURCE
> Task :libs:couch:jvmProcessResources NO-SOURCE
> Task :libs:miniduck:processJvmMainResources SKIPPED
> Task :libs:integration-scratch:processResources NO-SOURCE
> Task :libs:dreamer-test-runner:processResources NO-SOURCE
> Task :libs:kursive:jvmProcessResources NO-SOURCE
> Task :libs:cmc-generated:processResources NO-SOURCE
> Task :libs:concurrency:processResources NO-SOURCE
> Task :libs:dreamer-kmm:processJvmMainResources SKIPPED
> Task :libs:kursive:processJvmMainResources SKIPPED
> Task :libs:couch:processJvmMainResources SKIPPED
> Task :libs:integration-scratch:processTestResources NO-SOURCE
> Task :libs:dreamer-test-runner:processTestResources NO-SOURCE
> Task :libs:cmc-generated:processTestResources NO-SOURCE
> Task :libs:concurrency:processTestResources NO-SOURCE
> Task :jvmProcessResources UP-TO-DATE
> Task :processJvmMainResources SKIPPED
> Task :libs:tiny-btrfs:compileKotlinJvm UP-TO-DATE
> Task :libs:tiny-btrfs:compileJvmMainJava NO-SOURCE
> Task :libs:tiny-btrfs:jvmProcessResources NO-SOURCE
> Task :libs:tiny-btrfs:processJvmMainResources SKIPPED
> Task :libs:tiny-btrfs:jvmMainClasses UP-TO-DATE
> Task :libs:tiny-btrfs:jvmJar UP-TO-DATE
> Task :compileKotlinJvm UP-TO-DATE
> Task :compileJvmMainJava UP-TO-DATE
> Task :jvmMainClasses UP-TO-DATE
> Task :jvmJar UP-TO-DATE
> Task :libs:concurrency:compileKotlin NO-SOURCE
> Task :libs:concurrency:compileJava NO-SOURCE
> Task :libs:concurrency:classes UP-TO-DATE
> Task :libs:concurrency:jar UP-TO-DATE
> Task :libs:concurrency:compileTestKotlin NO-SOURCE
> Task :libs:concurrency:compileTestJava NO-SOURCE
> Task :libs:concurrency:testClasses UP-TO-DATE
> Task :libs:concurrency:test NO-SOURCE
> Task :libs:cmc-generated:compileKotlin UP-TO-DATE
> Task :libs:kursive:compileKotlinJvm UP-TO-DATE
> Task :libs:cmc-generated:compileJava NO-SOURCE
> Task :libs:cmc-generated:classes UP-TO-DATE
> Task :libs:kursive:compileJvmMainJava NO-SOURCE
> Task :libs:kursive:jvmMainClasses UP-TO-DATE
> Task :libs:kursive:jvmJar UP-TO-DATE
> Task :libs:cmc-generated:jar UP-TO-DATE
> Task :libs:cmc-generated:compileTestKotlin NO-SOURCE
> Task :libs:cmc-generated:compileTestJava NO-SOURCE
> Task :libs:cmc-generated:testClasses UP-TO-DATE
> Task :libs:cmc-generated:test NO-SOURCE
> Task :libs:miniduck:compileKotlinJvm UP-TO-DATE
> Task :libs:miniduck:compileJvmMainJava NO-SOURCE
> Task :libs:miniduck:jvmMainClasses UP-TO-DATE
> Task :libs:miniduck:jvmJar UP-TO-DATE
> Task :libs:couch:compileKotlinJvm UP-TO-DATE
> Task :libs:couch:compileJvmMainJava NO-SOURCE
> Task :libs:couch:jvmMainClasses UP-TO-DATE
> Task :libs:couch:jvmJar UP-TO-DATE

> Task :libs:dreamer-kmm:compileKotlinJvm
w: file:///Users/jim/work/TrikeShed/libs/dreamer-kmm/src/commonMain/kotlin/borg/trikeshed/dreamer/TradingEngine.kt:21:28 Unchecked cast of 'Any?' to 'Map<String, Any?>'.
w: file:///Users/jim/work/TrikeShed/libs/dreamer-kmm/src/commonMain/kotlin/borg/trikeshed/dreamer/TradingEngine.kt:32:31 Unchecked cast of 'Any?' to 'Map<String, Any?>'.
w: file:///Users/jim/work/TrikeShed/libs/dreamer-kmm/src/commonMain/kotlin/borg/trikeshed/dreamer/TradingEngine.kt:33:32 Unchecked cast of 'Any?' to 'Map<String, Any?>'.

> Task :libs:integration-scratch:compileKotlin
> Task :libs:integration-scratch:compileJava NO-SOURCE
> Task :libs:dreamer-kmm:compileJvmMainJava NO-SOURCE
> Task :libs:dreamer-kmm:jvmMainClasses
> Task :libs:integration-scratch:classes UP-TO-DATE
> Task :libs:dreamer-kmm:jvmJar
> Task :libs:integration-scratch:jar
> Task :libs:integration-scratch:compileTestKotlin
> Task :libs:dreamer-test-runner:compileKotlin
> Task :libs:integration-scratch:compileTestJava NO-SOURCE
> Task :libs:dreamer-test-runner:compileJava NO-SOURCE
> Task :libs:dreamer-test-runner:classes UP-TO-DATE
> Task :libs:integration-scratch:testClasses UP-TO-DATE
> Task :libs:dreamer-test-runner:jar

> Task :libs:dreamer-test-runner:compileTestKotlin
w: file:///Users/jim/work/TrikeShed/libs/dreamer-test-runner/src/test/kotlin/borg/trikeshed/dreamer/EvolutionCrossoverSafeTest.kt:88:32 Check for instance is always 'true'.

> Task :libs:dreamer-test-runner:compileTestJava NO-SOURCE
> Task :libs:dreamer-test-runner:testClasses UP-TO-DATE
> Task :libs:integration-scratch:test
> Task :libs:dreamer-test-runner:test
w: Detected multiple Kotlin daemon sessions at 

[Incubating] Problems report is available at: file:///Users/jim/work/TrikeShed/build/reports/problems/problems-report.html

BUILD SUCCESSFUL in 15s
31 actionable tasks: 16 executed, 15 up-to-date
Consider enabling configuration cache to speed up this build: https://docs.gradle.org/9.5.0/userguide/configuration_cache_enabling.html
BUILD SUCCESS
=== Cycle 2 2026-04-28 18:45:33-0500 ===
Running ./gradlew test (cycle 2)
To honour the JVM settings for this build a single-use Daemon process will be forked. For more on this, please refer to https://docs.gradle.org/9.5.0/userguide/gradle_daemon.html#sec:disabling_the_daemon in the Gradle documentation.
Daemon will be stopped at the end of the build 

> Configure project :libs:dreamer-kmm
w: ⚠️ JS Environment Not Selected
Please choose a JavaScript environment to build distributions and run tests.
Not choosing any of them will be an error in the future releases.
kotlin {
    js {
        // To build distributions for and run tests use one or several of:
        browser()
        nodejs()
    }
}
Solution: Please choose a JavaScript environment to build distributions and run tests.


> Task :libs:concurrency:checkKotlinGradlePluginConfigurationErrors SKIPPED
> Task :libs:integration-scratch:checkKotlinGradlePluginConfigurationErrors SKIPPED
> Task :libs:dreamer-test-runner:checkKotlinGradlePluginConfigurationErrors SKIPPED
> Task :libs:cmc-generated:checkKotlinGradlePluginConfigurationErrors SKIPPED
> Task :libs:miniduck:kmpPartiallyResolvedDependenciesChecker
> Task :libs:dreamer-kmm:kmpPartiallyResolvedDependenciesChecker
> Task :kmpPartiallyResolvedDependenciesChecker
> Task :libs:kursive:kmpPartiallyResolvedDependenciesChecker
> Task :libs:couch:kmpPartiallyResolvedDependenciesChecker
> Task :libs:tiny-btrfs:kmpPartiallyResolvedDependenciesChecker
> Task :libs:miniduck:checkKotlinGradlePluginConfigurationErrors SKIPPED
> Task :libs:kursive:checkKotlinGradlePluginConfigurationErrors SKIPPED
> Task :checkKotlinGradlePluginConfigurationErrors SKIPPED
> Task :libs:tiny-btrfs:checkKotlinGradlePluginConfigurationErrors SKIPPED
> Task :libs:dreamer-kmm:checkKotlinGradlePluginConfigurationErrors SKIPPED
> Task :libs:couch:checkKotlinGradlePluginConfigurationErrors SKIPPED
> Task :libs:kursive:jvmProcessResources NO-SOURCE
> Task :libs:kursive:processJvmMainResources SKIPPED
> Task :libs:couch:jvmProcessResources NO-SOURCE
> Task :libs:miniduck:jvmProcessResources NO-SOURCE
> Task :libs:dreamer-kmm:jvmProcessResources NO-SOURCE
> Task :libs:couch:processJvmMainResources SKIPPED
> Task :libs:miniduck:processJvmMainResources SKIPPED
> Task :libs:dreamer-kmm:processJvmMainResources SKIPPED
> Task :libs:concurrency:processResources NO-SOURCE
> Task :libs:integration-scratch:processResources NO-SOURCE
> Task :libs:cmc-generated:processResources NO-SOURCE
> Task :libs:dreamer-test-runner:processResources NO-SOURCE
> Task :libs:concurrency:processTestResources NO-SOURCE
> Task :libs:dreamer-test-runner:processTestResources NO-SOURCE
> Task :libs:cmc-generated:processTestResources NO-SOURCE
> Task :libs:integration-scratch:processTestResources NO-SOURCE
> Task :jvmProcessResources UP-TO-DATE
> Task :processJvmMainResources SKIPPED
> Task :libs:tiny-btrfs:compileKotlinJvm UP-TO-DATE
> Task :libs:tiny-btrfs:compileJvmMainJava NO-SOURCE
> Task :libs:tiny-btrfs:jvmProcessResources NO-SOURCE
> Task :libs:tiny-btrfs:processJvmMainResources SKIPPED
> Task :libs:tiny-btrfs:jvmMainClasses UP-TO-DATE
> Task :libs:tiny-btrfs:jvmJar UP-TO-DATE

> Task :compileKotlinJvm
e: file:///Users/jim/work/TrikeShed/src/commonMain/kotlin/borg/trikeshed/parse/kursive/Jursive.kt:1:1 This annotation is not applicable to target 'file' and use-site target '@file'. Applicable targets: class, function, property, annotation class, constructor, setter, getter, typealias
e: file:///Users/jim/work/TrikeShed/src/commonMain/kotlin/borg/trikeshed/parse/kursive/std.kt:1:1 This annotation is not applicable to target 'file' and use-site target '@file'. Applicable targets: class, function, property, annotation class, constructor, setter, getter, typealias

> Task :compileKotlinJvm FAILED
w: Detected multiple Kotlin daemon sessions at 

[Incubating] Problems report is available at: file:///Users/jim/work/TrikeShed/build/reports/problems/problems-report.html

FAILURE: Build failed with an exception.

* What went wrong:
Execution failed for task ':compileKotlinJvm' (registered in build file 'build.gradle.kts').
> A failure occurred while executing org.jetbrains.kotlin.compilerRunner.btapi.BuildToolsApiCompilationWork
   > Compilation error. See log for more details

* Try:
> Run with --stacktrace option to get the stack trace.
> Run with --info or --debug option to get more log output.
> Run with --scan to get full insights from a Build Scan (powered by Develocity).
> Get more help at https://help.gradle.org.

BUILD FAILED in 8s
10 actionable tasks: 7 executed, 3 up-to-date
BUILD FAILURE
No XML failure entries found; dumped console output above.
Stopping monitor for human review
